SF:lib/core/models/safe_convert.dart
DA:1,4
DA:3,4
DA:4,7
DA:5,3
DA:6,3
DA:7,3
DA:8,4
DA:14,2
DA:16,2
DA:17,3
DA:18,2
DA:19,4
DA:23,3
DA:25,3
DA:26,5
DA:27,4
DA:28,3
DA:29,9
DA:30,6
DA:35,5
DA:37,5
DA:38,8
DA:39,2
DA:40,1
DA:44,1
DA:45,1
DA:46,1
DA:47,1
DA:50,1
DA:51,1
DA:52,1
DA:53,1
DA:56,4
DA:57,4
DA:58,8
DA:61,2
DA:63,2
DA:64,4
DA:67,3
DA:69,3
DA:70,6
DA:73,6
DA:75,6
DA:76,10
DA:79,1
DA:81,1
DA:82,1
DA:84,2
DA:87,1
DA:88,2
DA:89,2
DA:92,1
DA:94,1
DA:95,3
DA:96,1
DA:99,1
DA:101,1
DA:102,3
DA:103,1
DA:106,0
DA:107,0
DA:109,0
DA:110,0
DA:111,0
DA:112,0
DA:113,0
DA:114,0
DA:117,0
DA:118,0
DA:120,0
DA:121,0
DA:122,0
DA:123,0
DA:124,0
DA:125,0
DA:126,0
DA:127,0
DA:128,0
DA:129,0
DA:130,0
DA:131,0
DA:132,0
LF:82
LH:59
end_of_record
SF:lib/features/recording/data/models/recording_data.dart
DA:13,3
DA:22,1
DA:24,2
DA:27,1
DA:28,1
DA:29,1
DA:30,1
DA:31,1
DA:32,1
DA:33,2
DA:37,0
DA:38,0
DA:39,0
DA:40,0
DA:41,0
DA:42,0
DA:43,0
DA:46,1
DA:54,1
DA:55,1
DA:56,1
DA:57,1
DA:58,1
DA:59,1
DA:60,1
DA:64,1
DA:66,6
LF:27
LH:20
end_of_record
SF:lib/features/reporting/domain/usecases/insight_generator.dart
DA:16,1
DA:17,1
DA:19,1
DA:22,2
DA:23,2
DA:24,4
DA:25,2
DA:26,4
DA:31,3
DA:32,1
DA:33,3
DA:34,1
DA:35,3
DA:39,2
DA:40,2
DA:41,4
DA:42,2
DA:43,4
LF:18
LH:18
end_of_record
SF:lib/features/reporting/domain/usecases/summary_calculator.dart
DA:18,3
DA:38,1
DA:39,1
DA:41,1
DA:42,1
DA:43,2
DA:45,4
DA:47,1
DA:48,1
DA:57,1
DA:61,1
DA:62,5
DA:66,2
DA:67,2
DA:68,2
DA:72,2
DA:73,1
DA:74,2
DA:75,2
DA:78,2
DA:79,1
DA:80,2
DA:84,2
DA:88,5
DA:89,1
DA:91,3
DA:93,1
LF:27
LH:27
end_of_record
SF:lib/features/period/data/models/period_data.dart
DA:6,4
DA:24,2
DA:37,1
DA:39,1
DA:40,1
DA:41,1
DA:45,1
DA:46,1
DA:47,1
DA:48,1
DA:49,1
DA:50,2
DA:51,1
DA:52,1
DA:53,1
DA:54,2
DA:55,1
DA:56,2
DA:61,0
DA:62,0
DA:63,0
DA:64,0
DA:65,0
DA:66,0
DA:68,0
DA:69,0
DA:70,0
DA:71,0
DA:72,0
DA:78,1
DA:90,1
DA:91,1
DA:92,1
DA:93,1
DA:94,1
DA:95,1
DA:96,2
DA:97,1
DA:98,1
DA:99,1
DA:100,2
DA:104,1
DA:106,7
DA:121,6
DA:132,1
DA:137,1
DA:138,1
DA:139,1
DA:140,1
DA:141,1
DA:142,1
DA:143,1
DA:144,1
DA:145,3
DA:146,1
DA:147,1
DA:148,1
DA:149,3
DA:150,1
DA:151,1
DA:155,2
DA:156,1
DA:157,1
DA:158,1
DA:159,1
DA:160,1
DA:161,1
DA:162,5
DA:163,1
DA:166,1
DA:176,1
DA:177,1
DA:178,1
DA:179,1
DA:180,1
DA:181,1
DA:182,1
DA:183,1
DA:184,1
DA:194,7
DA:199,1
DA:204,1
DA:205,1
DA:206,1
DA:210,2
DA:211,1
DA:212,1
DA:215,1
DA:219,1
DA:220,1
DA:221,1
LF:91
LH:80
end_of_record
SF:lib/features/recording/domain/usecases/calculate_fcr.dart
DA:19,2
DA:20,5
DA:23,2
DA:24,10
DA:27,4
DA:28,8
DA:30,2
DA:36,4
DA:38,6
DA:39,2
DA:42,4
DA:43,8
DA:44,2
DA:46,2
DA:52,4
DA:53,4
DA:54,4
DA:58,4
DA:59,2
DA:62,2
DA:63,2
DA:66,2
DA:67,4
DA:71,2
DA:74,4
DA:76,4
DA:78,4
DA:80,4
DA:81,4
DA:90,1
DA:91,3
DA:92,1
DA:93,1
LF:33
LH:33
end_of_record
SF:lib/features/recording/data/models/fcr_data.dart
DA:9,3
DA:18,2
DA:19,1
DA:20,1
DA:21,1
DA:22,1
DA:23,1
LF:7
LH:7
end_of_record
SF:lib/features/reporting/domain/usecases/analytics_calculator.dart
DA:14,1
DA:23,1
DA:24,1
DA:25,3
DA:28,1
DA:29,3
DA:32,2
DA:33,3
DA:36,1
LF:9
LH:9
end_of_record
SF:lib/features/reminder/data/models/reminder_data.dart
DA:13,1
DA:23,2
DA:24,1
DA:25,1
DA:26,1
DA:27,1
DA:28,1
DA:29,1
DA:30,1
DA:33,2
DA:34,1
DA:35,1
DA:36,1
DA:37,1
DA:38,1
DA:39,1
DA:40,1
DA:43,1
DA:52,1
DA:53,1
DA:54,1
DA:55,1
DA:56,1
DA:57,1
DA:58,1
DA:59,1
DA:63,1
DA:65,8
LF:28
LH:28
end_of_record
SF:lib/features/cage/data/models/cage_data.dart
DA:10,3
DA:17,1
DA:22,1
DA:23,1
DA:24,1
DA:25,1
DA:26,1
DA:30,2
DA:31,2
DA:32,2
DA:33,2
DA:34,3
DA:37,1
DA:43,1
DA:44,1
DA:45,1
DA:46,1
DA:47,1
DA:51,1
DA:53,5
LF:20
LH:20
end_of_record
SF:lib/features/user/data/models/user_data.dart
DA:11,3
DA:19,1
DA:24,1
DA:25,1
DA:26,1
DA:27,1
DA:28,1
DA:29,1
DA:33,2
DA:34,2
DA:35,2
DA:36,2
DA:37,2
DA:38,3
DA:41,1
DA:48,1
DA:49,1
DA:50,1
DA:51,1
DA:52,1
DA:53,1
DA:57,1
DA:59,6
LF:23
LH:23
end_of_record
